ARM GAS  C:\Users\vangelis\AppData\Local\Temp\ccp2VT4L.s 			page 1


   1              		.cpu cortex-m0
   2              		.fpu softvfp
   3              		.eabi_attribute 20, 1
   4              		.eabi_attribute 21, 1
   5              		.eabi_attribute 23, 3
   6              		.eabi_attribute 24, 1
   7              		.eabi_attribute 25, 1
   8              		.eabi_attribute 26, 1
   9              		.eabi_attribute 30, 6
  10              		.eabi_attribute 34, 0
  11              		.eabi_attribute 18, 4
  12              		.code	16
  13              		.file	"StripLights_1_StringSel.c"
  14              		.text
  15              	.Ltext0:
  16              		.cfi_sections	.debug_frame
  17              		.section	.text.StripLights_1_StringSel_Write,"ax",%progbits
  18              		.align	2
  19              		.global	StripLights_1_StringSel_Write
  20              		.code	16
  21              		.thumb_func
  22              		.type	StripLights_1_StringSel_Write, %function
  23              	StripLights_1_StringSel_Write:
  24              	.LFB0:
  25              		.file 1 ".\\Generated_Source\\PSoC4\\StripLights_1_StringSel.c"
   1:.\Generated_Source\PSoC4/StripLights_1_StringSel.c **** /*******************************************************************************
   2:.\Generated_Source\PSoC4/StripLights_1_StringSel.c **** * File Name: StripLights_1_StringSel.c  
   3:.\Generated_Source\PSoC4/StripLights_1_StringSel.c **** * Version 1.70
   4:.\Generated_Source\PSoC4/StripLights_1_StringSel.c **** *
   5:.\Generated_Source\PSoC4/StripLights_1_StringSel.c **** * Description:
   6:.\Generated_Source\PSoC4/StripLights_1_StringSel.c **** *  This file contains API to enable firmware control of a Control Register.
   7:.\Generated_Source\PSoC4/StripLights_1_StringSel.c **** *
   8:.\Generated_Source\PSoC4/StripLights_1_StringSel.c **** * Note:
   9:.\Generated_Source\PSoC4/StripLights_1_StringSel.c **** *
  10:.\Generated_Source\PSoC4/StripLights_1_StringSel.c **** ********************************************************************************
  11:.\Generated_Source\PSoC4/StripLights_1_StringSel.c **** * Copyright 2008-2012, Cypress Semiconductor Corporation.  All rights reserved.
  12:.\Generated_Source\PSoC4/StripLights_1_StringSel.c **** * You may use this file only in accordance with the license, terms, conditions, 
  13:.\Generated_Source\PSoC4/StripLights_1_StringSel.c **** * disclaimers, and limitations in the end user license agreement accompanying 
  14:.\Generated_Source\PSoC4/StripLights_1_StringSel.c **** * the software package with which this file was provided.
  15:.\Generated_Source\PSoC4/StripLights_1_StringSel.c **** *******************************************************************************/
  16:.\Generated_Source\PSoC4/StripLights_1_StringSel.c **** 
  17:.\Generated_Source\PSoC4/StripLights_1_StringSel.c **** #include "StripLights_1_StringSel.h"
  18:.\Generated_Source\PSoC4/StripLights_1_StringSel.c **** 
  19:.\Generated_Source\PSoC4/StripLights_1_StringSel.c **** #if !defined(StripLights_1_StringSel_Sync_ctrl_reg__REMOVED) /* Check for removal by optimization *
  20:.\Generated_Source\PSoC4/StripLights_1_StringSel.c **** 
  21:.\Generated_Source\PSoC4/StripLights_1_StringSel.c **** /*******************************************************************************
  22:.\Generated_Source\PSoC4/StripLights_1_StringSel.c **** * Function Name: StripLights_1_StringSel_Write
  23:.\Generated_Source\PSoC4/StripLights_1_StringSel.c **** ********************************************************************************
  24:.\Generated_Source\PSoC4/StripLights_1_StringSel.c **** *
  25:.\Generated_Source\PSoC4/StripLights_1_StringSel.c **** * Summary:
  26:.\Generated_Source\PSoC4/StripLights_1_StringSel.c **** *  Write a byte to the Control Register.
  27:.\Generated_Source\PSoC4/StripLights_1_StringSel.c **** *
  28:.\Generated_Source\PSoC4/StripLights_1_StringSel.c **** * Parameters:
  29:.\Generated_Source\PSoC4/StripLights_1_StringSel.c **** *  control:  The value to be assigned to the Control Register.
  30:.\Generated_Source\PSoC4/StripLights_1_StringSel.c **** *
  31:.\Generated_Source\PSoC4/StripLights_1_StringSel.c **** * Return:
  32:.\Generated_Source\PSoC4/StripLights_1_StringSel.c **** *  None.
ARM GAS  C:\Users\vangelis\AppData\Local\Temp\ccp2VT4L.s 			page 2


  33:.\Generated_Source\PSoC4/StripLights_1_StringSel.c **** *
  34:.\Generated_Source\PSoC4/StripLights_1_StringSel.c **** *******************************************************************************/
  35:.\Generated_Source\PSoC4/StripLights_1_StringSel.c **** void StripLights_1_StringSel_Write(uint8 control) 
  36:.\Generated_Source\PSoC4/StripLights_1_StringSel.c **** {
  26              		.loc 1 36 0
  27              		.cfi_startproc
  28 0000 80B5     		push	{r7, lr}
  29              		.cfi_def_cfa_offset 8
  30              		.cfi_offset 7, -8
  31              		.cfi_offset 14, -4
  32 0002 82B0     		sub	sp, sp, #8
  33              		.cfi_def_cfa_offset 16
  34 0004 00AF     		add	r7, sp, #0
  35              		.cfi_def_cfa_register 7
  36 0006 021C     		mov	r2, r0
  37 0008 FB1D     		add	r3, r7, #7
  38 000a 1A70     		strb	r2, [r3]
  37:.\Generated_Source\PSoC4/StripLights_1_StringSel.c ****     StripLights_1_StringSel_Control = control;
  39              		.loc 1 37 0
  40 000c 034A     		ldr	r2, .L2
  41 000e FB1D     		add	r3, r7, #7
  42 0010 1B78     		ldrb	r3, [r3]
  43 0012 1370     		strb	r3, [r2]
  38:.\Generated_Source\PSoC4/StripLights_1_StringSel.c **** }
  44              		.loc 1 38 0
  45 0014 BD46     		mov	sp, r7
  46 0016 02B0     		add	sp, sp, #8
  47              		@ sp needed
  48 0018 80BD     		pop	{r7, pc}
  49              	.L3:
  50 001a C046     		.align	2
  51              	.L2:
  52 001c 70000F40 		.word	1074724976
  53              		.cfi_endproc
  54              	.LFE0:
  55              		.size	StripLights_1_StringSel_Write, .-StripLights_1_StringSel_Write
  56              		.section	.text.StripLights_1_StringSel_Read,"ax",%progbits
  57              		.align	2
  58              		.global	StripLights_1_StringSel_Read
  59              		.code	16
  60              		.thumb_func
  61              		.type	StripLights_1_StringSel_Read, %function
  62              	StripLights_1_StringSel_Read:
  63              	.LFB1:
  39:.\Generated_Source\PSoC4/StripLights_1_StringSel.c **** 
  40:.\Generated_Source\PSoC4/StripLights_1_StringSel.c **** 
  41:.\Generated_Source\PSoC4/StripLights_1_StringSel.c **** /*******************************************************************************
  42:.\Generated_Source\PSoC4/StripLights_1_StringSel.c **** * Function Name: StripLights_1_StringSel_Read
  43:.\Generated_Source\PSoC4/StripLights_1_StringSel.c **** ********************************************************************************
  44:.\Generated_Source\PSoC4/StripLights_1_StringSel.c **** *
  45:.\Generated_Source\PSoC4/StripLights_1_StringSel.c **** * Summary:
  46:.\Generated_Source\PSoC4/StripLights_1_StringSel.c **** *  Reads the current value assigned to the Control Register.
  47:.\Generated_Source\PSoC4/StripLights_1_StringSel.c **** *
  48:.\Generated_Source\PSoC4/StripLights_1_StringSel.c **** * Parameters:
  49:.\Generated_Source\PSoC4/StripLights_1_StringSel.c **** *  None.
  50:.\Generated_Source\PSoC4/StripLights_1_StringSel.c **** *
  51:.\Generated_Source\PSoC4/StripLights_1_StringSel.c **** * Return:
ARM GAS  C:\Users\vangelis\AppData\Local\Temp\ccp2VT4L.s 			page 3


  52:.\Generated_Source\PSoC4/StripLights_1_StringSel.c **** *  Returns the current value in the Control Register.
  53:.\Generated_Source\PSoC4/StripLights_1_StringSel.c **** *
  54:.\Generated_Source\PSoC4/StripLights_1_StringSel.c **** *******************************************************************************/
  55:.\Generated_Source\PSoC4/StripLights_1_StringSel.c **** uint8 StripLights_1_StringSel_Read(void) 
  56:.\Generated_Source\PSoC4/StripLights_1_StringSel.c **** {
  64              		.loc 1 56 0
  65              		.cfi_startproc
  66 0000 80B5     		push	{r7, lr}
  67              		.cfi_def_cfa_offset 8
  68              		.cfi_offset 7, -8
  69              		.cfi_offset 14, -4
  70 0002 00AF     		add	r7, sp, #0
  71              		.cfi_def_cfa_register 7
  57:.\Generated_Source\PSoC4/StripLights_1_StringSel.c ****     return StripLights_1_StringSel_Control;
  72              		.loc 1 57 0
  73 0004 024B     		ldr	r3, .L6
  74 0006 1B78     		ldrb	r3, [r3]
  75 0008 DBB2     		uxtb	r3, r3
  58:.\Generated_Source\PSoC4/StripLights_1_StringSel.c **** }
  76              		.loc 1 58 0
  77 000a 181C     		mov	r0, r3
  78 000c BD46     		mov	sp, r7
  79              		@ sp needed
  80 000e 80BD     		pop	{r7, pc}
  81              	.L7:
  82              		.align	2
  83              	.L6:
  84 0010 70000F40 		.word	1074724976
  85              		.cfi_endproc
  86              	.LFE1:
  87              		.size	StripLights_1_StringSel_Read, .-StripLights_1_StringSel_Read
  88              		.text
  89              	.Letext0:
  90              		.file 2 ".\\Generated_Source\\PSoC4\\cytypes.h"
  91              		.section	.debug_info,"",%progbits
  92              	.Ldebug_info0:
  93 0000 D2000000 		.4byte	0xd2
  94 0004 0400     		.2byte	0x4
  95 0006 00000000 		.4byte	.Ldebug_abbrev0
  96 000a 04       		.byte	0x4
  97 000b 01       		.uleb128 0x1
  98 000c 80000000 		.4byte	.LASF14
  99 0010 01       		.byte	0x1
 100 0011 45010000 		.4byte	.LASF15
 101 0015 87010000 		.4byte	.LASF16
 102 0019 00000000 		.4byte	.Ldebug_ranges0+0
 103 001d 00000000 		.4byte	0
 104 0021 00000000 		.4byte	.Ldebug_line0
 105 0025 02       		.uleb128 0x2
 106 0026 01       		.byte	0x1
 107 0027 06       		.byte	0x6
 108 0028 23000000 		.4byte	.LASF0
 109 002c 02       		.uleb128 0x2
 110 002d 01       		.byte	0x1
 111 002e 08       		.byte	0x8
 112 002f 2F000000 		.4byte	.LASF1
 113 0033 02       		.uleb128 0x2
ARM GAS  C:\Users\vangelis\AppData\Local\Temp\ccp2VT4L.s 			page 4


 114 0034 02       		.byte	0x2
 115 0035 05       		.byte	0x5
 116 0036 76000000 		.4byte	.LASF2
 117 003a 02       		.uleb128 0x2
 118 003b 02       		.byte	0x2
 119 003c 07       		.byte	0x7
 120 003d 54000000 		.4byte	.LASF3
 121 0041 02       		.uleb128 0x2
 122 0042 04       		.byte	0x4
 123 0043 05       		.byte	0x5
 124 0044 7E010000 		.4byte	.LASF4
 125 0048 02       		.uleb128 0x2
 126 0049 04       		.byte	0x4
 127 004a 07       		.byte	0x7
 128 004b 42000000 		.4byte	.LASF5
 129 004f 02       		.uleb128 0x2
 130 0050 08       		.byte	0x8
 131 0051 05       		.byte	0x5
 132 0052 32010000 		.4byte	.LASF6
 133 0056 02       		.uleb128 0x2
 134 0057 08       		.byte	0x8
 135 0058 07       		.byte	0x7
 136 0059 1B010000 		.4byte	.LASF7
 137 005d 03       		.uleb128 0x3
 138 005e 04       		.byte	0x4
 139 005f 05       		.byte	0x5
 140 0060 696E7400 		.ascii	"int\000"
 141 0064 02       		.uleb128 0x2
 142 0065 04       		.byte	0x4
 143 0066 07       		.byte	0x7
 144 0067 0E010000 		.4byte	.LASF8
 145 006b 04       		.uleb128 0x4
 146 006c 78010000 		.4byte	.LASF12
 147 0070 02       		.byte	0x2
 148 0071 A1       		.byte	0xa1
 149 0072 2C000000 		.4byte	0x2c
 150 0076 02       		.uleb128 0x2
 151 0077 04       		.byte	0x4
 152 0078 04       		.byte	0x4
 153 0079 1D000000 		.4byte	.LASF9
 154 007d 02       		.uleb128 0x2
 155 007e 08       		.byte	0x8
 156 007f 04       		.byte	0x4
 157 0080 6F000000 		.4byte	.LASF10
 158 0084 02       		.uleb128 0x2
 159 0085 01       		.byte	0x1
 160 0086 08       		.byte	0x8
 161 0087 40010000 		.4byte	.LASF11
 162 008b 05       		.uleb128 0x5
 163 008c 3D000000 		.4byte	.LASF13
 164 0090 02       		.byte	0x2
 165 0091 4B01     		.2byte	0x14b
 166 0093 97000000 		.4byte	0x97
 167 0097 06       		.uleb128 0x6
 168 0098 6B000000 		.4byte	0x6b
 169 009c 07       		.uleb128 0x7
 170 009d C6010000 		.4byte	.LASF17
ARM GAS  C:\Users\vangelis\AppData\Local\Temp\ccp2VT4L.s 			page 5


 171 00a1 01       		.byte	0x1
 172 00a2 23       		.byte	0x23
 173 00a3 00000000 		.4byte	.LFB0
 174 00a7 20000000 		.4byte	.LFE0-.LFB0
 175 00ab 01       		.uleb128 0x1
 176 00ac 9C       		.byte	0x9c
 177 00ad C0000000 		.4byte	0xc0
 178 00b1 08       		.uleb128 0x8
 179 00b2 67000000 		.4byte	.LASF18
 180 00b6 01       		.byte	0x1
 181 00b7 23       		.byte	0x23
 182 00b8 6B000000 		.4byte	0x6b
 183 00bc 02       		.uleb128 0x2
 184 00bd 91       		.byte	0x91
 185 00be 77       		.sleb128 -9
 186 00bf 00       		.byte	0
 187 00c0 09       		.uleb128 0x9
 188 00c1 00000000 		.4byte	.LASF19
 189 00c5 01       		.byte	0x1
 190 00c6 37       		.byte	0x37
 191 00c7 6B000000 		.4byte	0x6b
 192 00cb 00000000 		.4byte	.LFB1
 193 00cf 14000000 		.4byte	.LFE1-.LFB1
 194 00d3 01       		.uleb128 0x1
 195 00d4 9C       		.byte	0x9c
 196 00d5 00       		.byte	0
 197              		.section	.debug_abbrev,"",%progbits
 198              	.Ldebug_abbrev0:
 199 0000 01       		.uleb128 0x1
 200 0001 11       		.uleb128 0x11
 201 0002 01       		.byte	0x1
 202 0003 25       		.uleb128 0x25
 203 0004 0E       		.uleb128 0xe
 204 0005 13       		.uleb128 0x13
 205 0006 0B       		.uleb128 0xb
 206 0007 03       		.uleb128 0x3
 207 0008 0E       		.uleb128 0xe
 208 0009 1B       		.uleb128 0x1b
 209 000a 0E       		.uleb128 0xe
 210 000b 55       		.uleb128 0x55
 211 000c 17       		.uleb128 0x17
 212 000d 11       		.uleb128 0x11
 213 000e 01       		.uleb128 0x1
 214 000f 10       		.uleb128 0x10
 215 0010 17       		.uleb128 0x17
 216 0011 00       		.byte	0
 217 0012 00       		.byte	0
 218 0013 02       		.uleb128 0x2
 219 0014 24       		.uleb128 0x24
 220 0015 00       		.byte	0
 221 0016 0B       		.uleb128 0xb
 222 0017 0B       		.uleb128 0xb
 223 0018 3E       		.uleb128 0x3e
 224 0019 0B       		.uleb128 0xb
 225 001a 03       		.uleb128 0x3
 226 001b 0E       		.uleb128 0xe
 227 001c 00       		.byte	0
ARM GAS  C:\Users\vangelis\AppData\Local\Temp\ccp2VT4L.s 			page 6


 228 001d 00       		.byte	0
 229 001e 03       		.uleb128 0x3
 230 001f 24       		.uleb128 0x24
 231 0020 00       		.byte	0
 232 0021 0B       		.uleb128 0xb
 233 0022 0B       		.uleb128 0xb
 234 0023 3E       		.uleb128 0x3e
 235 0024 0B       		.uleb128 0xb
 236 0025 03       		.uleb128 0x3
 237 0026 08       		.uleb128 0x8
 238 0027 00       		.byte	0
 239 0028 00       		.byte	0
 240 0029 04       		.uleb128 0x4
 241 002a 16       		.uleb128 0x16
 242 002b 00       		.byte	0
 243 002c 03       		.uleb128 0x3
 244 002d 0E       		.uleb128 0xe
 245 002e 3A       		.uleb128 0x3a
 246 002f 0B       		.uleb128 0xb
 247 0030 3B       		.uleb128 0x3b
 248 0031 0B       		.uleb128 0xb
 249 0032 49       		.uleb128 0x49
 250 0033 13       		.uleb128 0x13
 251 0034 00       		.byte	0
 252 0035 00       		.byte	0
 253 0036 05       		.uleb128 0x5
 254 0037 16       		.uleb128 0x16
 255 0038 00       		.byte	0
 256 0039 03       		.uleb128 0x3
 257 003a 0E       		.uleb128 0xe
 258 003b 3A       		.uleb128 0x3a
 259 003c 0B       		.uleb128 0xb
 260 003d 3B       		.uleb128 0x3b
 261 003e 05       		.uleb128 0x5
 262 003f 49       		.uleb128 0x49
 263 0040 13       		.uleb128 0x13
 264 0041 00       		.byte	0
 265 0042 00       		.byte	0
 266 0043 06       		.uleb128 0x6
 267 0044 35       		.uleb128 0x35
 268 0045 00       		.byte	0
 269 0046 49       		.uleb128 0x49
 270 0047 13       		.uleb128 0x13
 271 0048 00       		.byte	0
 272 0049 00       		.byte	0
 273 004a 07       		.uleb128 0x7
 274 004b 2E       		.uleb128 0x2e
 275 004c 01       		.byte	0x1
 276 004d 3F       		.uleb128 0x3f
 277 004e 19       		.uleb128 0x19
 278 004f 03       		.uleb128 0x3
 279 0050 0E       		.uleb128 0xe
 280 0051 3A       		.uleb128 0x3a
 281 0052 0B       		.uleb128 0xb
 282 0053 3B       		.uleb128 0x3b
 283 0054 0B       		.uleb128 0xb
 284 0055 27       		.uleb128 0x27
ARM GAS  C:\Users\vangelis\AppData\Local\Temp\ccp2VT4L.s 			page 7


 285 0056 19       		.uleb128 0x19
 286 0057 11       		.uleb128 0x11
 287 0058 01       		.uleb128 0x1
 288 0059 12       		.uleb128 0x12
 289 005a 06       		.uleb128 0x6
 290 005b 40       		.uleb128 0x40
 291 005c 18       		.uleb128 0x18
 292 005d 9742     		.uleb128 0x2117
 293 005f 19       		.uleb128 0x19
 294 0060 01       		.uleb128 0x1
 295 0061 13       		.uleb128 0x13
 296 0062 00       		.byte	0
 297 0063 00       		.byte	0
 298 0064 08       		.uleb128 0x8
 299 0065 05       		.uleb128 0x5
 300 0066 00       		.byte	0
 301 0067 03       		.uleb128 0x3
 302 0068 0E       		.uleb128 0xe
 303 0069 3A       		.uleb128 0x3a
 304 006a 0B       		.uleb128 0xb
 305 006b 3B       		.uleb128 0x3b
 306 006c 0B       		.uleb128 0xb
 307 006d 49       		.uleb128 0x49
 308 006e 13       		.uleb128 0x13
 309 006f 02       		.uleb128 0x2
 310 0070 18       		.uleb128 0x18
 311 0071 00       		.byte	0
 312 0072 00       		.byte	0
 313 0073 09       		.uleb128 0x9
 314 0074 2E       		.uleb128 0x2e
 315 0075 00       		.byte	0
 316 0076 3F       		.uleb128 0x3f
 317 0077 19       		.uleb128 0x19
 318 0078 03       		.uleb128 0x3
 319 0079 0E       		.uleb128 0xe
 320 007a 3A       		.uleb128 0x3a
 321 007b 0B       		.uleb128 0xb
 322 007c 3B       		.uleb128 0x3b
 323 007d 0B       		.uleb128 0xb
 324 007e 27       		.uleb128 0x27
 325 007f 19       		.uleb128 0x19
 326 0080 49       		.uleb128 0x49
 327 0081 13       		.uleb128 0x13
 328 0082 11       		.uleb128 0x11
 329 0083 01       		.uleb128 0x1
 330 0084 12       		.uleb128 0x12
 331 0085 06       		.uleb128 0x6
 332 0086 40       		.uleb128 0x40
 333 0087 18       		.uleb128 0x18
 334 0088 9742     		.uleb128 0x2117
 335 008a 19       		.uleb128 0x19
 336 008b 00       		.byte	0
 337 008c 00       		.byte	0
 338 008d 00       		.byte	0
 339              		.section	.debug_aranges,"",%progbits
 340 0000 24000000 		.4byte	0x24
 341 0004 0200     		.2byte	0x2
ARM GAS  C:\Users\vangelis\AppData\Local\Temp\ccp2VT4L.s 			page 8


 342 0006 00000000 		.4byte	.Ldebug_info0
 343 000a 04       		.byte	0x4
 344 000b 00       		.byte	0
 345 000c 0000     		.2byte	0
 346 000e 0000     		.2byte	0
 347 0010 00000000 		.4byte	.LFB0
 348 0014 20000000 		.4byte	.LFE0-.LFB0
 349 0018 00000000 		.4byte	.LFB1
 350 001c 14000000 		.4byte	.LFE1-.LFB1
 351 0020 00000000 		.4byte	0
 352 0024 00000000 		.4byte	0
 353              		.section	.debug_ranges,"",%progbits
 354              	.Ldebug_ranges0:
 355 0000 00000000 		.4byte	.LFB0
 356 0004 20000000 		.4byte	.LFE0
 357 0008 00000000 		.4byte	.LFB1
 358 000c 14000000 		.4byte	.LFE1
 359 0010 00000000 		.4byte	0
 360 0014 00000000 		.4byte	0
 361              		.section	.debug_line,"",%progbits
 362              	.Ldebug_line0:
 363 0000 7E000000 		.section	.debug_str,"MS",%progbits,1
 363      02005600 
 363      00000201 
 363      FB0E0D00 
 363      01010101 
 364              	.LASF19:
 365 0000 53747269 		.ascii	"StripLights_1_StringSel_Read\000"
 365      704C6967 
 365      6874735F 
 365      315F5374 
 365      72696E67 
 366              	.LASF9:
 367 001d 666C6F61 		.ascii	"float\000"
 367      7400
 368              	.LASF0:
 369 0023 7369676E 		.ascii	"signed char\000"
 369      65642063 
 369      68617200 
 370              	.LASF1:
 371 002f 756E7369 		.ascii	"unsigned char\000"
 371      676E6564 
 371      20636861 
 371      7200
 372              	.LASF13:
 373 003d 72656738 		.ascii	"reg8\000"
 373      00
 374              	.LASF5:
 375 0042 6C6F6E67 		.ascii	"long unsigned int\000"
 375      20756E73 
 375      69676E65 
 375      6420696E 
 375      7400
 376              	.LASF3:
 377 0054 73686F72 		.ascii	"short unsigned int\000"
 377      7420756E 
 377      7369676E 
ARM GAS  C:\Users\vangelis\AppData\Local\Temp\ccp2VT4L.s 			page 9


 377      65642069 
 377      6E7400
 378              	.LASF18:
 379 0067 636F6E74 		.ascii	"control\000"
 379      726F6C00 
 380              	.LASF10:
 381 006f 646F7562 		.ascii	"double\000"
 381      6C6500
 382              	.LASF2:
 383 0076 73686F72 		.ascii	"short int\000"
 383      7420696E 
 383      7400
 384              	.LASF14:
 385 0080 474E5520 		.ascii	"GNU C 4.9.3 20150303 (release) [ARM/embedded-4_9-br"
 385      4320342E 
 385      392E3320 
 385      32303135 
 385      30333033 
 386 00b3 616E6368 		.ascii	"anch revision 221220] -mcpu=cortex-m0 -mthumb -g -O"
 386      20726576 
 386      6973696F 
 386      6E203232 
 386      31323230 
 387 00e6 30202D66 		.ascii	"0 -ffunction-sections -ffat-lto-objects\000"
 387      66756E63 
 387      74696F6E 
 387      2D736563 
 387      74696F6E 
 388              	.LASF8:
 389 010e 756E7369 		.ascii	"unsigned int\000"
 389      676E6564 
 389      20696E74 
 389      00
 390              	.LASF7:
 391 011b 6C6F6E67 		.ascii	"long long unsigned int\000"
 391      206C6F6E 
 391      6720756E 
 391      7369676E 
 391      65642069 
 392              	.LASF6:
 393 0132 6C6F6E67 		.ascii	"long long int\000"
 393      206C6F6E 
 393      6720696E 
 393      7400
 394              	.LASF11:
 395 0140 63686172 		.ascii	"char\000"
 395      00
 396              	.LASF15:
 397 0145 2E5C4765 		.ascii	".\\Generated_Source\\PSoC4\\StripLights_1_StringSel"
 397      6E657261 
 397      7465645F 
 397      536F7572 
 397      63655C50 
 398 0175 2E6300   		.ascii	".c\000"
 399              	.LASF12:
 400 0178 75696E74 		.ascii	"uint8\000"
 400      3800
ARM GAS  C:\Users\vangelis\AppData\Local\Temp\ccp2VT4L.s 			page 10


 401              	.LASF4:
 402 017e 6C6F6E67 		.ascii	"long int\000"
 402      20696E74 
 402      00
 403              	.LASF16:
 404 0187 433A5C55 		.ascii	"C:\\Users\\vangelis\\SCB_Bootloader\\Striplight_boo"
 404      73657273 
 404      5C76616E 
 404      67656C69 
 404      735C5343 
 405 01b6 746C6F61 		.ascii	"tloadable.cydsn\000"
 405      6461626C 
 405      652E6379 
 405      64736E00 
 406              	.LASF17:
 407 01c6 53747269 		.ascii	"StripLights_1_StringSel_Write\000"
 407      704C6967 
 407      6874735F 
 407      315F5374 
 407      72696E67 
 408              		.ident	"GCC: (GNU Tools for ARM Embedded Processors) 4.9.3 20150303 (release) [ARM/embedded-4_9-br
